SF:lib\common\exception.dart
DA:6,3
LF:1
LH:1
end_of_record
SF:lib\data\datasources\movie_local_data_source.dart
DA:15,1
DA:17,1
DA:20,2
DA:23,2
DA:27,1
DA:30,2
DA:33,2
DA:37,1
DA:39,2
DA:41,1
DA:47,1
DA:49,2
DA:50,4
LF:13
LH:13
end_of_record
SF:lib\data\models\movie_table.dart
DA:12,2
DA:19,2
DA:20,1
DA:21,1
DA:22,1
DA:23,1
DA:26,2
DA:27,1
DA:28,1
DA:29,1
DA:30,1
DA:33,0
DA:34,0
DA:35,0
DA:36,0
DA:37,0
DA:40,2
DA:41,1
DA:42,1
DA:43,1
DA:44,1
DA:47,2
DA:48,10
LF:23
LH:18
end_of_record
SF:lib\data\models\tv_table.dart
DA:11,1
DA:18,0
DA:19,0
DA:20,0
DA:21,0
DA:22,0
DA:25,2
DA:26,1
DA:27,1
DA:28,1
DA:29,1
DA:32,0
DA:33,0
DA:34,0
DA:35,0
DA:36,0
DA:39,0
DA:40,0
DA:41,0
DA:42,0
DA:43,0
DA:46,1
DA:47,1
DA:48,1
DA:49,1
DA:50,1
DA:51,1
LF:27
LH:12
end_of_record
SF:lib\domain\entities\genre.dart
DA:4,6
DA:12,2
DA:13,6
LF:3
LH:3
end_of_record
SF:lib\domain\entities\movie.dart
DA:4,8
DA:20,1
DA:41,7
DA:42,7
DA:43,7
DA:44,7
DA:45,7
DA:46,7
DA:47,7
DA:48,7
DA:49,7
DA:50,7
DA:51,7
DA:52,7
DA:53,7
DA:54,7
DA:55,7
LF:17
LH:17
end_of_record
SF:lib\domain\entities\movie_detail.dart
DA:5,5
DA:33,2
DA:34,2
DA:35,2
DA:36,2
DA:37,2
DA:38,2
DA:39,2
DA:40,2
DA:41,2
DA:42,2
DA:43,2
DA:44,2
DA:45,2
LF:14
LH:14
end_of_record
SF:lib\domain\entities\tv.dart
DA:17,5
DA:31,0
DA:38,5
DA:39,5
DA:40,5
DA:41,5
DA:42,5
DA:43,5
DA:44,5
DA:45,5
DA:46,5
DA:47,5
DA:48,5
DA:49,5
DA:50,5
DA:51,5
LF:16
LH:15
end_of_record
SF:lib\domain\entities\tv_detail.dart
DA:20,1
DA:36,0
DA:37,0
DA:38,0
DA:39,0
DA:40,0
DA:41,0
DA:42,0
DA:43,0
DA:44,0
DA:45,0
DA:46,0
DA:47,0
DA:48,0
DA:49,0
DA:50,0
LF:16
LH:1
end_of_record
SF:lib\common\failure.dart
DA:6,11
DA:8,1
DA:9,2
DA:13,22
DA:17,4
DA:21,2
DA:25,0
LF:7
LH:6
end_of_record
SF:lib\data\datasources\db\database_helper.dart
DA:10,0
DA:14,0
DA:18,0
DA:20,0
DA:28,0
DA:29,0
DA:30,0
DA:32,0
DA:36,0
DA:37,0
DA:44,0
DA:46,0
DA:53,0
DA:56,0
DA:57,0
DA:58,0
DA:61,0
DA:62,0
DA:63,0
DA:66,0
DA:67,0
DA:68,0
DA:71,0
DA:75,0
DA:76,0
DA:77,0
DA:80,0
DA:84,0
DA:85,0
DA:86,0
DA:89,0
DA:92,0
DA:93,0
DA:99,0
DA:100,0
DA:101,0
DA:104,0
DA:107,0
DA:108,0
DA:114,0
DA:115,0
DA:116,0
DA:121,0
DA:122,0
DA:123,0
LF:45
LH:0
end_of_record
SF:lib\data\datasources\movie_remote_data_source.dart
DA:20,6
DA:25,1
DA:27,1
DA:30,5
DA:32,2
DA:33,4
DA:35,1
DA:39,1
DA:42,5
DA:44,2
DA:45,3
DA:47,1
DA:51,1
DA:53,1
DA:54,4
DA:56,2
DA:57,4
DA:59,1
DA:63,1
DA:66,5
DA:68,2
DA:69,4
DA:71,1
DA:75,1
DA:78,5
DA:80,2
DA:81,4
DA:83,1
DA:87,1
DA:89,1
DA:90,4
DA:92,2
DA:93,4
DA:95,1
LF:34
LH:34
end_of_record
SF:lib\data\datasources\tv_local_data_source.dart
DA:15,1
DA:17,1
DA:19,2
DA:21,1
DA:27,0
DA:29,0
DA:30,0
DA:33,1
DA:36,2
DA:39,2
DA:43,1
DA:46,2
DA:49,2
LF:13
LH:10
end_of_record
SF:lib\data\datasources\tv_remote_data_source.dart
DA:21,6
DA:26,1
DA:28,1
DA:31,5
DA:32,2
DA:33,4
DA:35,1
DA:39,1
DA:42,5
DA:43,2
DA:44,4
DA:46,1
DA:50,1
DA:53,5
DA:54,2
DA:55,4
DA:57,1
DA:61,0
DA:63,0
DA:64,0
DA:65,0
DA:66,0
DA:68,0
DA:72,1
DA:74,5
DA:75,2
DA:76,3
DA:78,1
DA:82,0
DA:84,0
DA:85,0
DA:86,0
DA:87,0
DA:89,0
LF:34
LH:22
end_of_record
SF:lib\data\models\movie_detail_model.dart
DA:7,2
DA:53,1
DA:54,1
DA:55,1
DA:56,1
DA:57,1
DA:58,1
DA:59,4
DA:60,1
DA:61,1
DA:62,1
DA:63,1
DA:64,1
DA:65,1
DA:66,2
DA:67,1
DA:68,1
DA:69,1
DA:70,1
DA:71,1
DA:72,1
DA:73,1
DA:74,1
DA:75,2
DA:76,1
DA:79,0
DA:80,0
DA:81,0
DA:82,0
DA:83,0
DA:84,0
DA:85,0
DA:86,0
DA:87,0
DA:88,0
DA:89,0
DA:90,0
DA:91,0
DA:92,0
DA:93,0
DA:94,0
DA:95,0
DA:96,0
DA:97,0
DA:98,0
DA:99,0
DA:100,0
DA:103,1
DA:104,1
DA:105,1
DA:106,1
DA:107,5
DA:108,1
DA:109,1
DA:110,1
DA:111,1
DA:112,1
DA:113,1
DA:114,1
DA:115,1
DA:116,1
DA:120,1
DA:122,1
DA:123,1
DA:124,1
DA:125,1
DA:126,1
DA:127,1
DA:128,1
DA:129,1
DA:130,1
DA:131,1
DA:132,1
DA:133,1
DA:134,1
DA:135,1
DA:136,1
DA:137,1
DA:138,1
DA:139,1
DA:140,1
DA:141,1
DA:142,1
DA:143,1
LF:84
LH:62
end_of_record
SF:lib\data\models\movie_model.dart
DA:6,4
DA:36,4
DA:37,2
DA:38,2
DA:39,8
DA:40,2
DA:41,2
DA:42,2
DA:43,4
DA:44,2
DA:45,2
DA:46,2
DA:47,2
DA:48,4
DA:49,2
DA:52,2
DA:53,1
DA:54,1
DA:55,4
DA:56,1
DA:57,1
DA:58,1
DA:59,1
DA:60,1
DA:61,1
DA:62,1
DA:63,1
DA:64,1
DA:65,1
DA:68,2
DA:69,2
DA:70,2
DA:71,2
DA:72,2
DA:73,2
DA:74,2
DA:75,2
DA:76,2
DA:77,2
DA:78,2
DA:79,2
DA:80,2
DA:81,2
DA:82,2
DA:86,2
DA:87,2
DA:88,2
DA:89,2
DA:90,2
DA:91,2
DA:92,2
DA:93,2
DA:94,2
DA:95,2
DA:96,2
DA:97,2
DA:98,2
DA:99,2
DA:100,2
LF:59
LH:59
end_of_record
SF:lib\data\models\tv_detail_response.dart
DA:6,1
DA:36,1
DA:37,1
DA:38,1
DA:39,1
DA:40,4
DA:41,1
DA:42,1
DA:43,1
DA:44,1
DA:45,2
DA:46,1
DA:47,1
DA:48,1
DA:49,1
DA:50,2
DA:51,1
DA:55,0
DA:56,0
DA:57,0
DA:58,0
DA:59,0
DA:60,0
DA:61,0
DA:62,0
DA:63,0
DA:64,0
DA:65,0
DA:66,0
DA:67,0
DA:68,0
DA:71,0
DA:72,0
DA:73,0
DA:74,0
DA:75,0
DA:76,0
DA:77,0
DA:78,0
DA:79,0
DA:80,0
DA:81,0
DA:82,0
DA:83,0
DA:84,0
DA:87,1
DA:88,1
DA:89,1
DA:90,1
DA:91,1
DA:92,1
DA:93,1
DA:94,1
DA:95,1
DA:96,1
DA:97,1
DA:98,1
DA:99,1
DA:100,1
DA:101,1
LF:60
LH:32
end_of_record
SF:lib\data\models\tv_model.dart
DA:18,2
DA:32,1
DA:33,1
DA:34,1
DA:35,1
DA:36,1
DA:37,1
DA:38,1
DA:39,1
DA:40,1
DA:41,1
DA:42,1
DA:43,1
DA:44,1
DA:45,1
DA:49,1
DA:50,1
DA:51,1
DA:52,1
DA:53,4
DA:54,1
DA:55,1
DA:56,1
DA:57,1
DA:58,1
DA:59,1
DA:60,1
DA:61,1
DA:62,1
DA:67,0
DA:68,0
DA:69,0
DA:70,0
DA:71,0
DA:72,0
DA:73,0
DA:74,0
DA:75,0
DA:76,0
DA:77,0
DA:78,0
DA:79,0
DA:80,0
DA:85,1
DA:86,1
DA:87,1
DA:88,1
DA:89,1
DA:90,1
DA:91,1
DA:92,1
DA:93,1
DA:94,1
DA:95,1
DA:96,1
DA:97,1
DA:98,1
LF:57
LH:43
end_of_record
SF:lib\data\models\movie_response.dart
DA:8,2
DA:10,4
DA:11,4
DA:12,6
DA:13,6
DA:16,2
DA:17,5
DA:20,1
DA:21,2
LF:9
LH:9
end_of_record
SF:lib\data\models\tv_response.dart
DA:6,1
DA:8,2
DA:9,1
DA:10,5
DA:11,1
DA:12,3
DA:17,0
DA:18,0
DA:21,0
DA:22,0
LF:10
LH:6
end_of_record
SF:lib\data\models\genre_model.dart
DA:5,3
DA:13,4
DA:14,2
DA:15,2
DA:18,0
DA:19,0
DA:20,0
DA:23,1
DA:24,3
DA:27,2
DA:28,6
LF:11
LH:8
end_of_record
SF:lib\domain\usecases\get_movie_detail.dart
DA:9,1
DA:11,1
DA:12,2
LF:3
LH:3
end_of_record
SF:lib\data\repositories\movie_repository_impl.dart
DA:17,1
DA:22,1
DA:25,2
DA:26,5
DA:27,1
DA:28,2
DA:29,1
DA:30,2
DA:34,1
DA:37,2
DA:38,2
DA:39,1
DA:40,2
DA:41,1
DA:42,2
DA:46,1
DA:49,2
DA:50,3
DA:51,1
DA:52,2
DA:53,1
DA:54,2
DA:58,1
DA:61,2
DA:62,5
DA:63,1
DA:64,2
DA:65,1
DA:66,2
DA:70,1
DA:73,2
DA:74,5
DA:75,1
DA:76,2
DA:77,1
DA:78,2
DA:82,1
DA:85,2
DA:86,5
DA:87,1
DA:88,2
DA:89,1
DA:90,2
DA:94,1
DA:98,3
DA:99,1
DA:100,1
DA:101,3
DA:107,1
DA:111,3
DA:112,1
DA:113,1
DA:114,3
DA:118,1
DA:120,2
DA:124,1
DA:126,2
DA:127,5
LF:58
LH:58
end_of_record
SF:lib\data\repositories\tv_repository_impl.dart
DA:18,1
DA:21,1
DA:24,2
DA:25,5
DA:26,1
DA:27,2
DA:28,1
DA:29,2
DA:30,0
DA:31,0
DA:35,1
DA:38,2
DA:39,5
DA:40,1
DA:41,2
DA:42,1
DA:43,2
DA:44,0
DA:45,0
DA:49,1
DA:52,2
DA:53,5
DA:54,1
DA:55,2
DA:56,1
DA:57,2
DA:58,0
DA:59,0
DA:63,0
DA:66,0
DA:67,0
DA:68,0
DA:69,0
DA:70,0
DA:71,0
DA:72,0
DA:73,0
DA:77,0
DA:80,0
DA:81,0
DA:82,0
DA:83,0
DA:84,0
DA:85,0
DA:86,0
DA:87,0
DA:91,0
DA:94,0
DA:95,0
DA:96,0
DA:97,0
DA:98,0
DA:99,0
DA:100,0
DA:101,0
DA:105,0
DA:107,0
DA:108,0
DA:111,0
DA:113,0
DA:117,0
DA:121,0
DA:122,0
DA:123,0
DA:124,0
DA:125,0
DA:126,0
DA:130,0
DA:134,0
DA:135,0
DA:136,0
DA:137,0
DA:138,0
DA:139,0
LF:74
LH:22
end_of_record
SF:lib\domain\usecases\get_movie_recommendations.dart
DA:9,1
DA:11,1
DA:12,2
LF:3
LH:3
end_of_record
SF:lib\domain\usecases\get_popular_movies.dart
DA:9,1
DA:11,1
DA:12,2
LF:3
LH:3
end_of_record
SF:lib\domain\usecases\get_now_playing_movies.dart
DA:9,1
DA:11,1
DA:12,2
LF:3
LH:3
end_of_record
SF:lib\domain\usecases\get_top_rated_movies.dart
DA:9,1
DA:11,1
DA:12,2
LF:3
LH:3
end_of_record
SF:lib\domain\usecases\get_tv_detail.dart
DA:9,1
DA:10,1
DA:11,2
LF:3
LH:3
end_of_record
SF:lib\domain\usecases\get_watchlist_movies.dart
DA:9,1
DA:11,1
DA:12,2
LF:3
LH:3
end_of_record
SF:lib\domain\usecases\get_watchlist_status.dart
DA:6,1
DA:8,1
DA:9,2
LF:3
LH:3
end_of_record
SF:lib\domain\usecases\remove_watchlist.dart
DA:9,1
DA:11,1
DA:12,2
LF:3
LH:3
end_of_record
SF:lib\domain\usecases\save_watchlist.dart
DA:9,1
DA:11,1
DA:12,2
LF:3
LH:3
end_of_record
SF:lib\domain\usecases\search_movies.dart
DA:9,1
DA:11,1
DA:12,2
LF:3
LH:3
end_of_record
SF:lib\presentation\bloc\movie_detail\movie_detail_state.dart
DA:4,1
DA:6,1
DA:7,1
DA:19,1
DA:25,1
DA:27,4
DA:33,1
DA:35,1
DA:36,2
LF:9
LH:9
end_of_record
SF:lib\presentation\bloc\movie_detail\movie_detail_event.dart
DA:4,1
DA:6,0
DA:7,0
DA:13,1
DA:15,0
DA:16,0
LF:6
LH:2
end_of_record
SF:lib\presentation\bloc\movie_detail\movie_detail_bloc.dart
DA:17,1
DA:21,2
DA:22,2
DA:23,2
DA:24,3
DA:26,3
DA:27,3
DA:29,1
DA:30,1
DA:31,3
DA:33,1
DA:34,1
DA:35,1
DA:36,3
DA:38,1
DA:39,1
DA:40,1
LF:17
LH:17
end_of_record
SF:lib\presentation\bloc\movie_now_playing\movie_now_playing_state.dart
DA:4,1
DA:6,1
DA:7,1
DA:17,1
DA:19,1
DA:20,2
DA:26,1
DA:28,1
DA:29,2
LF:9
LH:9
end_of_record
SF:lib\presentation\bloc\movie_now_playing\movie_now_playing_event.dart
DA:4,1
DA:6,0
DA:7,0
LF:3
LH:1
end_of_record
SF:lib\presentation\bloc\movie_now_playing\movie_now_playing_bloc.dart
DA:13,1
DA:14,2
DA:15,2
DA:16,2
DA:17,2
DA:18,1
DA:19,1
DA:20,3
DA:22,1
DA:23,2
LF:10
LH:10
end_of_record
SF:lib\presentation\bloc\movie_popular\movie_popular_state.dart
DA:4,1
DA:6,1
DA:7,1
DA:17,1
DA:19,1
DA:20,2
DA:26,1
DA:28,1
DA:29,2
LF:9
LH:9
end_of_record
SF:lib\presentation\bloc\movie_popular\movie_popular_event.dart
DA:4,1
DA:6,0
DA:7,0
LF:3
LH:1
end_of_record
SF:lib\presentation\bloc\movie_popular\movie_popular_bloc.dart
DA:12,3
DA:13,2
DA:14,2
DA:15,2
DA:16,1
DA:17,1
DA:18,3
DA:20,1
DA:21,2
LF:9
LH:9
end_of_record
SF:lib\presentation\bloc\movie_search\movie_search_state.dart
DA:4,1
DA:6,1
DA:7,1
DA:17,1
DA:19,1
DA:20,2
DA:26,1
DA:28,1
DA:29,2
LF:9
LH:9
end_of_record
SF:lib\presentation\bloc\movie_search\movie_search_bloc.dart
DA:12,3
DA:13,2
DA:14,2
DA:15,3
DA:16,1
DA:17,1
DA:18,3
DA:20,1
DA:21,2
LF:9
LH:9
end_of_record
SF:lib\presentation\bloc\movie_search\movie_search_event.dart
DA:4,1
DA:6,0
DA:7,0
DA:13,1
DA:15,0
DA:16,0
LF:6
LH:2
end_of_record
SF:lib\presentation\bloc\movie_top_rated\movie_top_rated_state.dart
DA:4,1
DA:6,1
DA:7,1
DA:17,1
DA:19,1
DA:20,2
DA:26,1
DA:28,1
DA:29,2
LF:9
LH:9
end_of_record
SF:lib\presentation\bloc\movie_top_rated\movie_top_rated_bloc.dart
DA:12,3
DA:13,2
DA:14,2
DA:15,2
DA:16,1
DA:17,1
DA:18,3
DA:20,1
DA:21,2
LF:9
LH:9
end_of_record
SF:lib\presentation\bloc\movie_top_rated\movie_top_rated_event.dart
DA:4,1
DA:6,0
DA:7,0
LF:3
LH:1
end_of_record
SF:lib\domain\usecases\get_on_the_air_tv.dart
DA:10,0
DA:12,0
DA:13,0
LF:3
LH:0
end_of_record
SF:lib\presentation\bloc\tv_on_the_air\tv_on_the_air_event.dart
DA:4,1
DA:6,0
DA:7,0
LF:3
LH:1
end_of_record
SF:lib\presentation\bloc\tv_on_the_air\tv_on_the_air_state.dart
DA:4,1
DA:6,1
DA:7,1
DA:17,1
DA:19,1
DA:20,2
DA:26,1
DA:28,1
DA:29,2
LF:9
LH:9
end_of_record
SF:lib\presentation\bloc\tv_on_the_air\tv_on_the_air_bloc.dart
DA:11,3
DA:12,2
DA:13,2
DA:14,2
DA:15,1
DA:16,1
DA:17,3
DA:19,1
DA:20,2
LF:9
LH:9
end_of_record
SF:lib\domain\usecases\get_tv_popular.dart
DA:10,0
DA:12,0
DA:13,0
LF:3
LH:0
end_of_record
SF:lib\presentation\bloc\tv_popular\tv_popular_bloc.dart
DA:12,3
DA:13,2
DA:14,2
DA:15,2
DA:16,1
DA:17,4
DA:18,3
LF:7
LH:7
end_of_record
SF:lib\presentation\bloc\tv_popular\tv_popular_state.dart
DA:4,1
DA:6,1
DA:7,1
DA:17,1
DA:19,1
DA:20,2
DA:26,1
DA:28,1
DA:29,2
LF:9
LH:9
end_of_record
SF:lib\presentation\bloc\tv_popular\tv_popular_event.dart
DA:4,1
DA:6,0
DA:7,0
LF:3
LH:1
end_of_record
SF:lib\domain\usecases\search_tv.dart
DA:9,0
DA:10,0
DA:11,0
LF:3
LH:0
end_of_record
SF:lib\presentation\bloc\tv_search\tv_search_state.dart
DA:4,1
DA:6,1
DA:7,1
DA:17,1
DA:19,1
DA:20,2
DA:26,1
DA:28,1
DA:29,2
LF:9
LH:9
end_of_record
SF:lib\presentation\bloc\tv_search\tv_search_event.dart
DA:4,1
DA:6,0
DA:7,0
DA:13,1
DA:15,0
DA:16,0
LF:6
LH:2
end_of_record
SF:lib\presentation\bloc\tv_search\tv_search_bloc.dart
DA:12,3
DA:13,2
DA:14,2
DA:15,3
DA:16,1
DA:17,4
DA:18,3
LF:7
LH:7
end_of_record
SF:lib\domain\usecases\get_tv_top_rated.dart
DA:9,0
DA:10,0
DA:11,0
LF:3
LH:0
end_of_record
SF:lib\presentation\bloc\tv_top_rated\tv_top_rated_state.dart
DA:4,1
DA:6,1
DA:7,1
DA:17,1
DA:19,1
DA:20,2
DA:26,1
DA:28,1
DA:29,2
LF:9
LH:9
end_of_record
SF:lib\presentation\bloc\tv_top_rated\tv_top_rated_event.dart
DA:4,1
DA:6,0
DA:7,0
LF:3
LH:1
end_of_record
SF:lib\presentation\bloc\tv_top_rated\tv_top_rated_bloc.dart
DA:12,3
DA:13,2
DA:14,2
DA:15,2
DA:16,1
DA:17,4
DA:18,3
LF:7
LH:7
end_of_record
